<?xml version="1.0" encoding="UTF-8"?>
<!-- Generated by org.testng.reporters.JUnitReportReporter -->
<testsuite hostname="LTILPUN23800784" failures="0" tests="1" name="Test.Testing.Apptest" time="0.007" errors="0" timestamp="2022-01-24T15:47:03 IST" skipped="0">
  <testcase classname="Test.Testing.Apptest" name="a" time="0.007"/>
  <system-out/>
</testsuite> <!-- Test.Testing.Apptest -->
