<?xml version="1.0" encoding="UTF-8"?>
<!-- Generated by org.testng.reporters.JUnitReportReporter -->
<testsuite hostname="LTILPUN23800784" failures="0" tests="1" name="Test.Testing.List" time="13.357" errors="0" timestamp="2022-01-25T15:52:17 IST" skipped="0">
  <testcase classname="Test.Testing.List" name="Sorted" time="13.357"/>
  <system-out/>
</testsuite> <!-- Test.Testing.List -->
