<?xml version="1.0" encoding="UTF-8"?>
<!-- Generated by org.testng.reporters.JUnitReportReporter -->
<testsuite hostname="LTILPUN23800784" failures="0" tests="1" name="Test.Testing.Parameterr" time="0.006" errors="0" timestamp="2022-01-28T20:25:56 IST" skipped="0">
  <testcase classname="Test.Testing.Parameterr" name="nameAndEmail" time="0.006"/>
  <system-out/>
</testsuite> <!-- Test.Testing.Parameterr -->
