<?xml version="1.0" encoding="UTF-8"?>
<!-- Generated by org.testng.reporters.JUnitReportReporter -->
<testsuite hostname="LTILPUN23800784" failures="0" tests="1" name="Test.Testing.Google" time="3.018" errors="0" timestamp="2022-01-27T13:23:01 IST" skipped="0">
  <testcase classname="Test.Testing.Google" name="enterData" time="3.018"/>
  <system-out/>
</testsuite> <!-- Test.Testing.Google -->
