<?xml version="1.0" encoding="UTF-8"?>
<!-- Generated by org.testng.reporters.JUnitReportReporter -->
<testsuite hostname="LTILPUN23800784" failures="0" tests="3" name="Test.Testing.Yahoo" time="23.444" errors="0" timestamp="2022-01-29T19:15:15 IST" skipped="0">
  <testcase classname="Test.Testing.Yahoo" name="signUp" time="18.800"/>
  <system-out/>
  <testcase classname="Test.Testing.Yahoo" name="nterEmail" time="0.472"/>
  <system-out/>
  <testcase classname="Test.Testing.Yahoo" name="accountVerification" time="4.172"/>
  <system-out/>
</testsuite> <!-- Test.Testing.Yahoo -->
