<?xml version="1.0" encoding="UTF-8"?>
<!-- Generated by org.testng.reporters.JUnitReportReporter -->
<testsuite hostname="LTILPUN23800784" failures="0" tests="2" name="Test.Testing.DataProvider" time="0.006" errors="0" timestamp="2022-01-29T01:07:30 IST" skipped="0">
  <testcase classname="Test.Testing.DataProvider" name="M" time="0.005"/>
  <system-out/>
  <testcase classname="Test.Testing.DataProvider" name="M" time="0.001"/>
  <system-out/>
</testsuite> <!-- Test.Testing.DataProvider -->
