<?xml version="1.0" encoding="UTF-8"?>
<!-- Generated by org.testng.reporters.JUnitReportReporter -->
<testsuite hostname="LTILPUN23800784" failures="0" tests="1" name="Test.Testing.BaseTest" time="3.924" errors="0" timestamp="2022-01-24T16:35:39 IST" skipped="0">
  <testcase classname="Test.Testing.BaseTest" name="initializeBrowser" time="3.924"/>
  <system-out/>
</testsuite> <!-- Test.Testing.BaseTest -->
